0 verbose cli /usr/local/bin/node /usr/local/bin/npm
1 info using npm@9.6.7
2 info using node@v18.17.1
3 timing npm:load:whichnode Completed in 1ms
4 timing config:load:defaults Completed in 0ms
5 timing config:load:file:/usr/local/lib/node_modules/npm/npmrc Completed in 1ms
6 timing config:load:builtin Completed in 1ms
7 timing config:load:cli Completed in 0ms
8 timing config:load:env Completed in 0ms
9 timing config:load:file:/Users/adipatirjm/Up/Bootcamp/crypgarden-frontend/.npmrc Completed in 0ms
10 timing config:load:project Completed in 0ms
11 timing config:load:file:/Users/adipatirjm/.npmrc Completed in 0ms
12 timing config:load:user Completed in 0ms
13 timing config:load:file:/usr/local/etc/npmrc Completed in 0ms
14 timing config:load:global Completed in 0ms
15 timing config:load:setEnvs Completed in 1ms
16 timing config:load Completed in 3ms
17 timing npm:load:configload Completed in 3ms
18 timing npm:load:mkdirpcache Completed in 0ms
19 timing npm:load:mkdirplogs Completed in 0ms
20 verbose title npm install
21 verbose argv "install"
22 timing npm:load:setTitle Completed in 5ms
23 timing config:load:flatten Completed in 1ms
24 timing npm:load:display Completed in 1ms
25 verbose logfile logs-max:10 dir:/Users/adipatirjm/.npm/_logs/2023-09-11T03_57_33_023Z-
26 verbose logfile /Users/adipatirjm/.npm/_logs/2023-09-11T03_57_33_023Z-debug-0.log
27 timing npm:load:logFile Completed in 4ms
28 timing npm:load:timers Completed in 0ms
29 timing npm:load:configScope Completed in 0ms
30 timing npm:load Completed in 14ms
31 timing arborist:ctor Completed in 0ms
32 silly logfile done cleaning log files
33 timing arborist:ctor Completed in 1ms
34 timing idealTree:init Completed in 6ms
35 timing idealTree:userRequests Completed in 0ms
36 silly idealTree buildDeps
37 silly fetch manifest pinia@^2.1.6
38 http fetch GET 200 https://registry.npmjs.org/pinia 461ms (cache miss)
39 silly fetch manifest @vue/composition-api@^1.4.0
40 http fetch GET 200 https://registry.npmjs.org/@vue%2fcomposition-api 458ms (cache miss)
41 silly fetch manifest vue@^3.3.4
42 http fetch GET 200 https://registry.npmjs.org/vue 561ms (cache miss)
43 silly fetch manifest vue@>= 2.5 < 2.7
44 silly fetch manifest typescript@>=4.4.4
45 http fetch GET 200 https://registry.npmjs.org/typescript 2589ms (cache miss)
46 silly fetch manifest vue-router@^4.2.4
47 http fetch GET 200 https://registry.npmjs.org/vue-router 213ms (cache miss)
48 silly fetch manifest @vitejs/plugin-vue@^4.3.1
49 http fetch GET 200 https://registry.npmjs.org/@vitejs%2fplugin-vue 164ms (cache miss)
50 silly fetch manifest vite@^4.4.9
51 http fetch GET 200 https://registry.npmjs.org/vite 1289ms (cache miss)
52 silly fetch manifest @types/node@>= 14
53 http fetch GET 200 https://registry.npmjs.org/@types%2fnode 1438ms (cache miss)
54 silly fetch manifest less@*
55 http fetch GET 200 https://registry.npmjs.org/less 199ms (cache miss)
56 silly fetch manifest lightningcss@^1.21.0
57 http fetch GET 200 https://registry.npmjs.org/lightningcss 123ms (cache miss)
58 silly fetch manifest sass@*
59 http fetch GET 200 https://registry.npmjs.org/sass 248ms (cache miss)
60 silly fetch manifest stylus@*
61 http fetch GET 200 https://registry.npmjs.org/stylus 144ms (cache miss)
62 silly fetch manifest sugarss@*
63 http fetch GET 200 https://registry.npmjs.org/sugarss 94ms (cache miss)
64 silly fetch manifest postcss@^8.3.3
65 http fetch GET 200 https://registry.npmjs.org/postcss 261ms (cache miss)
66 silly fetch manifest terser@^5.4.0
67 http fetch GET 200 https://registry.npmjs.org/terser 233ms (cache miss)
68 silly placeDep ROOT @vitejs/plugin-vue@4.3.4 OK for: crypgarden-frontend@0.0.0 want: ^4.3.1
69 silly placeDep ROOT vite@4.4.9 OK for: @vitejs/plugin-vue@4.3.4 want: ^4.0.0
70 silly placeDep ROOT vue@3.3.4 OK for: @vitejs/plugin-vue@4.3.4 want: ^3.2.25
71 silly fetch manifest @vue/shared@3.3.4
72 silly fetch manifest @vue/compiler-dom@3.3.4
73 silly fetch manifest @vue/runtime-dom@3.3.4
74 silly fetch manifest @vue/compiler-sfc@3.3.4
75 silly fetch manifest @vue/server-renderer@3.3.4
76 silly fetch manifest esbuild@^0.18.10
77 silly fetch manifest postcss@^8.4.27
78 silly fetch manifest rollup@^3.27.1
79 silly fetch manifest fsevents@~2.3.2
80 silly placeDep ROOT pinia@2.1.6 OK for: crypgarden-frontend@0.0.0 want: ^2.1.6
81 silly fetch manifest @vue/devtools-api@^6.5.0
82 silly fetch manifest vue-demi@>=0.14.5
83 silly placeDep ROOT vue-router@4.2.4 OK for: crypgarden-frontend@0.0.0 want: ^4.2.4
84 http fetch GET 200 https://registry.npmjs.org/@vue%2fshared 295ms (cache miss)
85 http fetch GET 200 https://registry.npmjs.org/fsevents 346ms (cache miss)
86 http fetch GET 200 https://registry.npmjs.org/vue-demi 470ms (cache miss)
87 http fetch GET 200 https://registry.npmjs.org/@vue%2fdevtools-api 502ms (cache miss)
88 http fetch GET 200 https://registry.npmjs.org/@vue%2fruntime-dom 653ms (cache miss)
89 http fetch GET 200 https://registry.npmjs.org/@vue%2fcompiler-dom 708ms (cache miss)
90 http fetch GET 200 https://registry.npmjs.org/@vue%2fcompiler-sfc 1015ms (cache miss)
91 http fetch GET 200 https://registry.npmjs.org/esbuild 1078ms (cache miss)
92 http fetch GET 200 https://registry.npmjs.org/rollup 1412ms (cache miss)
93 http fetch GET 200 https://registry.npmjs.org/@vue%2fserver-renderer 1503ms (cache miss)
94 timing idealTree:#root Completed in 10165ms
95 timing idealTree:node_modules/@vitejs/plugin-vue Completed in 0ms
96 silly fetch manifest vue@^2.6.14 || ^3.3.0
97 silly placeDep ROOT @vue/devtools-api@6.5.0 OK for: pinia@2.1.6 want: ^6.5.0
98 silly placeDep node_modules/pinia vue-demi@0.14.6 CONFLICT for: pinia@2.1.6 want: >=0.14.5
99 timing idealTree:node_modules/pinia Completed in 7ms
100 timing idealTree:node_modules/@vue/devtools-api Completed in 0ms
101 silly placeDep ROOT esbuild@0.18.20 OK for: vite@4.4.9 want: ^0.18.10
102 silly fetch manifest @esbuild/android-arm@0.18.20
103 silly fetch manifest @esbuild/android-arm64@0.18.20
104 silly fetch manifest @esbuild/android-x64@0.18.20
105 silly fetch manifest @esbuild/darwin-arm64@0.18.20
106 silly fetch manifest @esbuild/darwin-x64@0.18.20
107 silly fetch manifest @esbuild/freebsd-arm64@0.18.20
108 silly fetch manifest @esbuild/freebsd-x64@0.18.20
109 silly fetch manifest @esbuild/linux-arm@0.18.20
110 silly fetch manifest @esbuild/linux-arm64@0.18.20
111 silly fetch manifest @esbuild/linux-ia32@0.18.20
112 silly fetch manifest @esbuild/linux-loong64@0.18.20
113 silly fetch manifest @esbuild/linux-mips64el@0.18.20
114 silly fetch manifest @esbuild/linux-ppc64@0.18.20
115 silly fetch manifest @esbuild/linux-riscv64@0.18.20
116 silly fetch manifest @esbuild/linux-s390x@0.18.20
117 silly fetch manifest @esbuild/linux-x64@0.18.20
118 silly fetch manifest @esbuild/netbsd-x64@0.18.20
119 silly fetch manifest @esbuild/openbsd-x64@0.18.20
120 silly fetch manifest @esbuild/sunos-x64@0.18.20
121 silly fetch manifest @esbuild/win32-arm64@0.18.20
122 silly fetch manifest @esbuild/win32-ia32@0.18.20
123 silly fetch manifest @esbuild/win32-x64@0.18.20
124 silly placeDep ROOT fsevents@2.3.3 OK for: vite@4.4.9 want: ~2.3.2
125 silly placeDep ROOT postcss@8.4.29 OK for: vite@4.4.9 want: ^8.4.27
126 silly fetch manifest nanoid@^3.3.6
127 silly fetch manifest picocolors@^1.0.0
128 silly fetch manifest source-map-js@^1.0.2
129 silly placeDep ROOT rollup@3.29.1 OK for: vite@4.4.9 want: ^3.27.1
130 http fetch GET 200 https://registry.npmjs.org/@esbuild%2fandroid-arm 150ms (cache miss)
131 http fetch GET 200 https://registry.npmjs.org/@esbuild%2flinux-arm 224ms (cache miss)
132 http fetch GET 200 https://registry.npmjs.org/@esbuild%2fdarwin-arm64 227ms (cache miss)
133 http fetch GET 200 https://registry.npmjs.org/@esbuild%2flinux-arm64 231ms (cache miss)
134 http fetch GET 200 https://registry.npmjs.org/@esbuild%2ffreebsd-arm64 236ms (cache miss)
135 http fetch GET 200 https://registry.npmjs.org/@esbuild%2fandroid-arm64 285ms (cache miss)
136 http fetch GET 200 https://registry.npmjs.org/@esbuild%2fdarwin-x64 311ms (cache miss)
137 http fetch GET 200 https://registry.npmjs.org/@esbuild%2ffreebsd-x64 316ms (cache miss)
138 http fetch GET 200 https://registry.npmjs.org/@esbuild%2flinux-ia32 345ms (cache miss)
139 http fetch GET 200 https://registry.npmjs.org/@esbuild%2flinux-x64 359ms (cache miss)
140 http fetch GET 200 https://registry.npmjs.org/@esbuild%2fopenbsd-x64 382ms (cache miss)
141 http fetch GET 200 https://registry.npmjs.org/@esbuild%2fwin32-arm64 401ms (cache miss)
142 http fetch GET 200 https://registry.npmjs.org/@esbuild%2fnetbsd-x64 443ms (cache miss)
143 http fetch GET 200 https://registry.npmjs.org/@esbuild%2fandroid-x64 468ms (cache miss)
144 http fetch GET 200 https://registry.npmjs.org/@esbuild%2fsunos-x64 476ms (cache miss)
145 http fetch GET 200 https://registry.npmjs.org/@esbuild%2fwin32-ia32 512ms (cache miss)
146 http fetch GET 200 https://registry.npmjs.org/nanoid 529ms (cache miss)
147 http fetch GET 200 https://registry.npmjs.org/picocolors 535ms (cache miss)
148 http fetch GET 200 https://registry.npmjs.org/@esbuild%2fwin32-x64 553ms (cache miss)
149 http fetch GET 200 https://registry.npmjs.org/source-map-js 573ms (cache miss)
150 http fetch GET 200 https://registry.npmjs.org/@esbuild%2flinux-mips64el 619ms (cache miss)
151 http fetch GET 200 https://registry.npmjs.org/@esbuild%2flinux-s390x 620ms (cache miss)
152 http fetch GET 200 https://registry.npmjs.org/@esbuild%2flinux-loong64 640ms (cache miss)
153 http fetch GET 200 https://registry.npmjs.org/@esbuild%2flinux-riscv64 666ms (cache miss)
154 http fetch GET 200 https://registry.npmjs.org/@esbuild%2flinux-ppc64 680ms (cache miss)
155 timing idealTree:node_modules/vite Completed in 689ms
156 silly placeDep ROOT @esbuild/android-arm@0.18.20 OK for: esbuild@0.18.20 want: 0.18.20
157 silly placeDep ROOT @esbuild/android-arm64@0.18.20 OK for: esbuild@0.18.20 want: 0.18.20
158 silly placeDep ROOT @esbuild/android-x64@0.18.20 OK for: esbuild@0.18.20 want: 0.18.20
159 silly placeDep ROOT @esbuild/darwin-arm64@0.18.20 OK for: esbuild@0.18.20 want: 0.18.20
160 silly placeDep ROOT @esbuild/darwin-x64@0.18.20 OK for: esbuild@0.18.20 want: 0.18.20
161 silly placeDep ROOT @esbuild/freebsd-arm64@0.18.20 OK for: esbuild@0.18.20 want: 0.18.20
162 silly placeDep ROOT @esbuild/freebsd-x64@0.18.20 OK for: esbuild@0.18.20 want: 0.18.20
163 silly placeDep ROOT @esbuild/linux-arm@0.18.20 OK for: esbuild@0.18.20 want: 0.18.20
164 silly placeDep ROOT @esbuild/linux-arm64@0.18.20 OK for: esbuild@0.18.20 want: 0.18.20
165 silly placeDep ROOT @esbuild/linux-ia32@0.18.20 OK for: esbuild@0.18.20 want: 0.18.20
166 silly placeDep ROOT @esbuild/linux-loong64@0.18.20 OK for: esbuild@0.18.20 want: 0.18.20
167 silly placeDep ROOT @esbuild/linux-mips64el@0.18.20 OK for: esbuild@0.18.20 want: 0.18.20
168 silly placeDep ROOT @esbuild/linux-ppc64@0.18.20 OK for: esbuild@0.18.20 want: 0.18.20
169 silly placeDep ROOT @esbuild/linux-riscv64@0.18.20 OK for: esbuild@0.18.20 want: 0.18.20
170 silly placeDep ROOT @esbuild/linux-s390x@0.18.20 OK for: esbuild@0.18.20 want: 0.18.20
171 silly placeDep ROOT @esbuild/linux-x64@0.18.20 OK for: esbuild@0.18.20 want: 0.18.20
172 silly placeDep ROOT @esbuild/netbsd-x64@0.18.20 OK for: esbuild@0.18.20 want: 0.18.20
173 silly placeDep ROOT @esbuild/openbsd-x64@0.18.20 OK for: esbuild@0.18.20 want: 0.18.20
174 silly placeDep ROOT @esbuild/sunos-x64@0.18.20 OK for: esbuild@0.18.20 want: 0.18.20
175 silly placeDep ROOT @esbuild/win32-arm64@0.18.20 OK for: esbuild@0.18.20 want: 0.18.20
176 silly placeDep ROOT @esbuild/win32-ia32@0.18.20 OK for: esbuild@0.18.20 want: 0.18.20
177 silly placeDep ROOT @esbuild/win32-x64@0.18.20 OK for: esbuild@0.18.20 want: 0.18.20
178 timing idealTree:node_modules/esbuild Completed in 19ms
179 timing idealTree:node_modules/@esbuild/android-arm Completed in 0ms
180 timing idealTree:node_modules/@esbuild/android-arm64 Completed in 0ms
181 timing idealTree:node_modules/@esbuild/android-x64 Completed in 0ms
182 timing idealTree:node_modules/@esbuild/darwin-arm64 Completed in 0ms
183 timing idealTree:node_modules/@esbuild/darwin-x64 Completed in 0ms
184 timing idealTree:node_modules/@esbuild/freebsd-arm64 Completed in 0ms
185 timing idealTree:node_modules/@esbuild/freebsd-x64 Completed in 0ms
186 timing idealTree:node_modules/@esbuild/linux-arm Completed in 0ms
187 timing idealTree:node_modules/@esbuild/linux-arm64 Completed in 0ms
188 timing idealTree:node_modules/@esbuild/linux-ia32 Completed in 0ms
189 timing idealTree:node_modules/@esbuild/linux-loong64 Completed in 0ms
190 timing idealTree:node_modules/@esbuild/linux-mips64el Completed in 0ms
191 timing idealTree:node_modules/@esbuild/linux-ppc64 Completed in 0ms
192 timing idealTree:node_modules/@esbuild/linux-riscv64 Completed in 0ms
193 timing idealTree:node_modules/@esbuild/linux-s390x Completed in 0ms
194 timing idealTree:node_modules/@esbuild/linux-x64 Completed in 0ms
195 timing idealTree:node_modules/@esbuild/netbsd-x64 Completed in 0ms
196 timing idealTree:node_modules/@esbuild/openbsd-x64 Completed in 0ms
197 timing idealTree:node_modules/@esbuild/sunos-x64 Completed in 0ms
198 timing idealTree:node_modules/@esbuild/win32-arm64 Completed in 0ms
199 timing idealTree:node_modules/@esbuild/win32-ia32 Completed in 0ms
200 timing idealTree:node_modules/@esbuild/win32-x64 Completed in 0ms
201 timing idealTree:node_modules/fsevents Completed in 0ms
202 silly placeDep ROOT nanoid@3.3.6 OK for: postcss@8.4.29 want: ^3.3.6
203 silly placeDep ROOT picocolors@1.0.0 OK for: postcss@8.4.29 want: ^1.0.0
204 silly placeDep ROOT source-map-js@1.0.2 OK for: postcss@8.4.29 want: ^1.0.2
205 timing idealTree:node_modules/postcss Completed in 4ms
206 timing idealTree:node_modules/nanoid Completed in 0ms
207 timing idealTree:node_modules/picocolors Completed in 0ms
208 timing idealTree:node_modules/rollup Completed in 0ms
209 timing idealTree:node_modules/source-map-js Completed in 0ms
210 silly fetch manifest vue@3.3.4
211 silly placeDep ROOT @vue/compiler-dom@3.3.4 OK for: vue@3.3.4 want: 3.3.4
212 silly fetch manifest @vue/compiler-core@3.3.4
213 silly placeDep ROOT @vue/compiler-sfc@3.3.4 OK for: vue@3.3.4 want: 3.3.4
214 silly fetch manifest @babel/parser@^7.20.15
215 silly fetch manifest @vue/compiler-ssr@3.3.4
216 silly fetch manifest @vue/reactivity-transform@3.3.4
217 silly fetch manifest estree-walker@^2.0.2
218 silly fetch manifest magic-string@^0.30.0
219 silly placeDep ROOT @vue/runtime-dom@3.3.4 OK for: vue@3.3.4 want: 3.3.4
220 silly fetch manifest @vue/runtime-core@3.3.4
221 silly fetch manifest csstype@^3.1.1
222 silly placeDep ROOT @vue/server-renderer@3.3.4 OK for: vue@3.3.4 want: 3.3.4
223 silly placeDep ROOT @vue/shared@3.3.4 OK for: vue@3.3.4 want: 3.3.4
224 http fetch GET 200 https://registry.npmjs.org/estree-walker 190ms (cache miss)
225 http fetch GET 200 https://registry.npmjs.org/magic-string 243ms (cache miss)
226 http fetch GET 200 https://registry.npmjs.org/@vue%2fruntime-core 392ms (cache miss)
227 http fetch GET 200 https://registry.npmjs.org/csstype 447ms (cache miss)
228 http fetch GET 200 https://registry.npmjs.org/@babel%2fparser 540ms (cache miss)
229 http fetch GET 200 https://registry.npmjs.org/@vue%2fcompiler-core 570ms (cache miss)
230 http fetch GET 200 https://registry.npmjs.org/@vue%2fcompiler-ssr 613ms (cache miss)
231 http fetch GET 200 https://registry.npmjs.org/@vue%2freactivity-transform 1908ms (cache miss)
232 timing idealTree:node_modules/vue Completed in 1915ms
233 silly placeDep ROOT @vue/compiler-core@3.3.4 OK for: @vue/compiler-dom@3.3.4 want: 3.3.4
234 silly fetch manifest @babel/parser@^7.21.3
235 timing idealTree:node_modules/@vue/compiler-dom Completed in 3ms
236 silly placeDep ROOT @babel/parser@7.22.16 OK for: @vue/compiler-core@3.3.4 want: ^7.21.3
237 silly placeDep ROOT estree-walker@2.0.2 OK for: @vue/compiler-core@3.3.4 want: ^2.0.2
238 timing idealTree:node_modules/@vue/compiler-core Completed in 2ms
239 timing idealTree:node_modules/@babel/parser Completed in 0ms
240 silly placeDep ROOT @vue/compiler-ssr@3.3.4 OK for: @vue/compiler-sfc@3.3.4 want: 3.3.4
241 silly placeDep ROOT @vue/reactivity-transform@3.3.4 OK for: @vue/compiler-sfc@3.3.4 want: 3.3.4
242 silly placeDep ROOT magic-string@0.30.3 OK for: @vue/compiler-sfc@3.3.4 want: ^0.30.0
243 silly fetch manifest @jridgewell/sourcemap-codec@^1.4.15
244 http fetch GET 200 https://registry.npmjs.org/@jridgewell%2fsourcemap-codec 128ms (cache miss)
245 timing idealTree:node_modules/@vue/compiler-sfc Completed in 133ms
246 timing idealTree:node_modules/@vue/compiler-ssr Completed in 0ms
247 timing idealTree:node_modules/@vue/reactivity-transform Completed in 0ms
248 silly placeDep ROOT @vue/runtime-core@3.3.4 OK for: @vue/runtime-dom@3.3.4 want: 3.3.4
249 silly fetch manifest @vue/reactivity@3.3.4
250 silly placeDep ROOT csstype@3.1.2 OK for: @vue/runtime-dom@3.3.4 want: ^3.1.1
251 http fetch GET 200 https://registry.npmjs.org/@vue%2freactivity 182ms (cache miss)
252 timing idealTree:node_modules/@vue/runtime-dom Completed in 186ms
253 silly placeDep ROOT @vue/reactivity@3.3.4 OK for: @vue/runtime-core@3.3.4 want: 3.3.4
254 timing idealTree:node_modules/@vue/runtime-core Completed in 1ms
255 timing idealTree:node_modules/@vue/reactivity Completed in 0ms
256 timing idealTree:node_modules/@vue/server-renderer Completed in 0ms
257 timing idealTree:node_modules/@vue/shared Completed in 0ms
258 timing idealTree:node_modules/csstype Completed in 0ms
259 timing idealTree:node_modules/estree-walker Completed in 0ms
260 silly placeDep ROOT @jridgewell/sourcemap-codec@1.4.15 OK for: magic-string@0.30.3 want: ^1.4.15
261 timing idealTree:node_modules/magic-string Completed in 0ms
262 timing idealTree:node_modules/@jridgewell/sourcemap-codec Completed in 0ms
263 timing idealTree:node_modules/vue-router Completed in 0ms
264 timing idealTree:node_modules/pinia/node_modules/vue-demi Completed in 0ms
265 timing idealTree:buildDeps Completed in 13129ms
266 timing idealTree:fixDepFlags Completed in 1ms
267 timing idealTree Completed in 13137ms
268 timing reify:loadTrees Completed in 13137ms
269 timing reify:diffTrees Completed in 2ms
270 silly reify moves {}
271 timing reify:retireShallow Completed in 1ms
272 timing reify:createSparse Completed in 3ms
273 timing reify:loadBundles Completed in 0ms
274 silly audit bulk request {
274 silly audit   '@vitejs/plugin-vue': [ '4.3.4' ],
274 silly audit   vite: [ '4.4.9' ],
274 silly audit   vue: [ '3.3.4' ],
274 silly audit   pinia: [ '2.1.6' ],
274 silly audit   'vue-router': [ '4.2.4' ],
274 silly audit   '@vue/devtools-api': [ '6.5.0' ],
274 silly audit   'vue-demi': [ '0.14.6' ],
274 silly audit   esbuild: [ '0.18.20' ],
274 silly audit   fsevents: [ '2.3.3' ],
274 silly audit   postcss: [ '8.4.29' ],
274 silly audit   rollup: [ '3.29.1' ],
274 silly audit   '@esbuild/android-arm': [ '0.18.20' ],
274 silly audit   '@esbuild/android-arm64': [ '0.18.20' ],
274 silly audit   '@esbuild/android-x64': [ '0.18.20' ],
274 silly audit   '@esbuild/darwin-arm64': [ '0.18.20' ],
274 silly audit   '@esbuild/darwin-x64': [ '0.18.20' ],
274 silly audit   '@esbuild/freebsd-arm64': [ '0.18.20' ],
274 silly audit   '@esbuild/freebsd-x64': [ '0.18.20' ],
274 silly audit   '@esbuild/linux-arm': [ '0.18.20' ],
274 silly audit   '@esbuild/linux-arm64': [ '0.18.20' ],
274 silly audit   '@esbuild/linux-ia32': [ '0.18.20' ],
274 silly audit   '@esbuild/linux-loong64': [ '0.18.20' ],
274 silly audit   '@esbuild/linux-mips64el': [ '0.18.20' ],
274 silly audit   '@esbuild/linux-ppc64': [ '0.18.20' ],
274 silly audit   '@esbuild/linux-riscv64': [ '0.18.20' ],
274 silly audit   '@esbuild/linux-s390x': [ '0.18.20' ],
274 silly audit   '@esbuild/linux-x64': [ '0.18.20' ],
274 silly audit   '@esbuild/netbsd-x64': [ '0.18.20' ],
274 silly audit   '@esbuild/openbsd-x64': [ '0.18.20' ],
274 silly audit   '@esbuild/sunos-x64': [ '0.18.20' ],
274 silly audit   '@esbuild/win32-arm64': [ '0.18.20' ],
274 silly audit   '@esbuild/win32-ia32': [ '0.18.20' ],
274 silly audit   '@esbuild/win32-x64': [ '0.18.20' ],
274 silly audit   nanoid: [ '3.3.6' ],
274 silly audit   picocolors: [ '1.0.0' ],
274 silly audit   'source-map-js': [ '1.0.2' ],
274 silly audit   '@vue/compiler-dom': [ '3.3.4' ],
274 silly audit   '@vue/compiler-sfc': [ '3.3.4' ],
274 silly audit   '@vue/runtime-dom': [ '3.3.4' ],
274 silly audit   '@vue/server-renderer': [ '3.3.4' ],
274 silly audit   '@vue/shared': [ '3.3.4' ],
274 silly audit   '@vue/compiler-core': [ '3.3.4' ],
274 silly audit   '@babel/parser': [ '7.22.16' ],
274 silly audit   'estree-walker': [ '2.0.2' ],
274 silly audit   '@vue/compiler-ssr': [ '3.3.4' ],
274 silly audit   '@vue/reactivity-transform': [ '3.3.4' ],
274 silly audit   'magic-string': [ '0.30.3' ],
274 silly audit   '@vue/runtime-core': [ '3.3.4' ],
274 silly audit   csstype: [ '3.1.2' ],
274 silly audit   '@vue/reactivity': [ '3.3.4' ],
274 silly audit   '@jridgewell/sourcemap-codec': [ '1.4.15' ]
274 silly audit }
275 verbose reify failed optional dependency /Users/adipatirjm/Up/Bootcamp/crypgarden-frontend/node_modules/@esbuild/win32-x64
276 silly reify mark deleted [
276 silly reify   '/Users/adipatirjm/Up/Bootcamp/crypgarden-frontend/node_modules/@esbuild/win32-x64'
276 silly reify ]
277 verbose reify failed optional dependency /Users/adipatirjm/Up/Bootcamp/crypgarden-frontend/node_modules/@esbuild/win32-ia32
278 silly reify mark deleted [
278 silly reify   '/Users/adipatirjm/Up/Bootcamp/crypgarden-frontend/node_modules/@esbuild/win32-ia32'
278 silly reify ]
279 verbose reify failed optional dependency /Users/adipatirjm/Up/Bootcamp/crypgarden-frontend/node_modules/@esbuild/win32-arm64
280 silly reify mark deleted [
280 silly reify   '/Users/adipatirjm/Up/Bootcamp/crypgarden-frontend/node_modules/@esbuild/win32-arm64'
280 silly reify ]
281 verbose reify failed optional dependency /Users/adipatirjm/Up/Bootcamp/crypgarden-frontend/node_modules/@esbuild/sunos-x64
282 silly reify mark deleted [
282 silly reify   '/Users/adipatirjm/Up/Bootcamp/crypgarden-frontend/node_modules/@esbuild/sunos-x64'
282 silly reify ]
283 verbose reify failed optional dependency /Users/adipatirjm/Up/Bootcamp/crypgarden-frontend/node_modules/@esbuild/openbsd-x64
284 silly reify mark deleted [
284 silly reify   '/Users/adipatirjm/Up/Bootcamp/crypgarden-frontend/node_modules/@esbuild/openbsd-x64'
284 silly reify ]
285 verbose reify failed optional dependency /Users/adipatirjm/Up/Bootcamp/crypgarden-frontend/node_modules/@esbuild/netbsd-x64
286 silly reify mark deleted [
286 silly reify   '/Users/adipatirjm/Up/Bootcamp/crypgarden-frontend/node_modules/@esbuild/netbsd-x64'
286 silly reify ]
287 verbose reify failed optional dependency /Users/adipatirjm/Up/Bootcamp/crypgarden-frontend/node_modules/@esbuild/linux-x64
288 silly reify mark deleted [
288 silly reify   '/Users/adipatirjm/Up/Bootcamp/crypgarden-frontend/node_modules/@esbuild/linux-x64'
288 silly reify ]
289 verbose reify failed optional dependency /Users/adipatirjm/Up/Bootcamp/crypgarden-frontend/node_modules/@esbuild/linux-s390x
290 silly reify mark deleted [
290 silly reify   '/Users/adipatirjm/Up/Bootcamp/crypgarden-frontend/node_modules/@esbuild/linux-s390x'
290 silly reify ]
291 verbose reify failed optional dependency /Users/adipatirjm/Up/Bootcamp/crypgarden-frontend/node_modules/@esbuild/linux-riscv64
292 silly reify mark deleted [
292 silly reify   '/Users/adipatirjm/Up/Bootcamp/crypgarden-frontend/node_modules/@esbuild/linux-riscv64'
292 silly reify ]
293 verbose reify failed optional dependency /Users/adipatirjm/Up/Bootcamp/crypgarden-frontend/node_modules/@esbuild/linux-ppc64
294 silly reify mark deleted [
294 silly reify   '/Users/adipatirjm/Up/Bootcamp/crypgarden-frontend/node_modules/@esbuild/linux-ppc64'
294 silly reify ]
295 verbose reify failed optional dependency /Users/adipatirjm/Up/Bootcamp/crypgarden-frontend/node_modules/@esbuild/linux-mips64el
296 silly reify mark deleted [
296 silly reify   '/Users/adipatirjm/Up/Bootcamp/crypgarden-frontend/node_modules/@esbuild/linux-mips64el'
296 silly reify ]
297 verbose reify failed optional dependency /Users/adipatirjm/Up/Bootcamp/crypgarden-frontend/node_modules/@esbuild/linux-loong64
298 silly reify mark deleted [
298 silly reify   '/Users/adipatirjm/Up/Bootcamp/crypgarden-frontend/node_modules/@esbuild/linux-loong64'
298 silly reify ]
299 verbose reify failed optional dependency /Users/adipatirjm/Up/Bootcamp/crypgarden-frontend/node_modules/@esbuild/linux-ia32
300 silly reify mark deleted [
300 silly reify   '/Users/adipatirjm/Up/Bootcamp/crypgarden-frontend/node_modules/@esbuild/linux-ia32'
300 silly reify ]
301 verbose reify failed optional dependency /Users/adipatirjm/Up/Bootcamp/crypgarden-frontend/node_modules/@esbuild/linux-arm64
302 silly reify mark deleted [
302 silly reify   '/Users/adipatirjm/Up/Bootcamp/crypgarden-frontend/node_modules/@esbuild/linux-arm64'
302 silly reify ]
303 verbose reify failed optional dependency /Users/adipatirjm/Up/Bootcamp/crypgarden-frontend/node_modules/@esbuild/linux-arm
304 silly reify mark deleted [
304 silly reify   '/Users/adipatirjm/Up/Bootcamp/crypgarden-frontend/node_modules/@esbuild/linux-arm'
304 silly reify ]
305 verbose reify failed optional dependency /Users/adipatirjm/Up/Bootcamp/crypgarden-frontend/node_modules/@esbuild/freebsd-x64
306 silly reify mark deleted [
306 silly reify   '/Users/adipatirjm/Up/Bootcamp/crypgarden-frontend/node_modules/@esbuild/freebsd-x64'
306 silly reify ]
307 verbose reify failed optional dependency /Users/adipatirjm/Up/Bootcamp/crypgarden-frontend/node_modules/@esbuild/freebsd-arm64
308 silly reify mark deleted [
308 silly reify   '/Users/adipatirjm/Up/Bootcamp/crypgarden-frontend/node_modules/@esbuild/freebsd-arm64'
308 silly reify ]
309 verbose reify failed optional dependency /Users/adipatirjm/Up/Bootcamp/crypgarden-frontend/node_modules/@esbuild/darwin-x64
310 silly reify mark deleted [
310 silly reify   '/Users/adipatirjm/Up/Bootcamp/crypgarden-frontend/node_modules/@esbuild/darwin-x64'
310 silly reify ]
311 verbose reify failed optional dependency /Users/adipatirjm/Up/Bootcamp/crypgarden-frontend/node_modules/@esbuild/android-x64
312 silly reify mark deleted [
312 silly reify   '/Users/adipatirjm/Up/Bootcamp/crypgarden-frontend/node_modules/@esbuild/android-x64'
312 silly reify ]
313 verbose reify failed optional dependency /Users/adipatirjm/Up/Bootcamp/crypgarden-frontend/node_modules/@esbuild/android-arm64
314 silly reify mark deleted [
314 silly reify   '/Users/adipatirjm/Up/Bootcamp/crypgarden-frontend/node_modules/@esbuild/android-arm64'
314 silly reify ]
315 verbose reify failed optional dependency /Users/adipatirjm/Up/Bootcamp/crypgarden-frontend/node_modules/@esbuild/android-arm
316 silly reify mark deleted [
316 silly reify   '/Users/adipatirjm/Up/Bootcamp/crypgarden-frontend/node_modules/@esbuild/android-arm'
316 silly reify ]
317 timing reifyNode:node_modules/@esbuild/win32-x64 Completed in 9ms
318 timing reifyNode:node_modules/@esbuild/win32-ia32 Completed in 9ms
319 timing reifyNode:node_modules/@esbuild/win32-arm64 Completed in 9ms
320 timing reifyNode:node_modules/@esbuild/sunos-x64 Completed in 9ms
321 timing reifyNode:node_modules/@esbuild/openbsd-x64 Completed in 8ms
322 timing reifyNode:node_modules/@esbuild/netbsd-x64 Completed in 8ms
323 timing reifyNode:node_modules/@esbuild/linux-x64 Completed in 9ms
324 timing reifyNode:node_modules/@esbuild/linux-s390x Completed in 9ms
325 timing reifyNode:node_modules/@esbuild/linux-riscv64 Completed in 9ms
326 timing reifyNode:node_modules/@esbuild/linux-ppc64 Completed in 9ms
327 timing reifyNode:node_modules/@esbuild/linux-mips64el Completed in 9ms
328 timing reifyNode:node_modules/@esbuild/linux-loong64 Completed in 9ms
329 timing reifyNode:node_modules/@esbuild/linux-ia32 Completed in 9ms
330 timing reifyNode:node_modules/@esbuild/linux-arm64 Completed in 9ms
331 timing reifyNode:node_modules/@esbuild/linux-arm Completed in 9ms
332 timing reifyNode:node_modules/@esbuild/freebsd-x64 Completed in 10ms
333 timing reifyNode:node_modules/@esbuild/freebsd-arm64 Completed in 10ms
334 timing reifyNode:node_modules/@esbuild/darwin-x64 Completed in 10ms
335 timing reifyNode:node_modules/@esbuild/android-x64 Completed in 10ms
336 timing reifyNode:node_modules/@esbuild/android-arm64 Completed in 10ms
337 timing reifyNode:node_modules/@esbuild/android-arm Completed in 10ms
338 silly tarball no local data for @vue/reactivity@https://registry.npmjs.org/@vue/reactivity/-/reactivity-3.3.4.tgz. Extracting by manifest.
339 silly tarball no local data for @jridgewell/sourcemap-codec@https://registry.npmjs.org/@jridgewell/sourcemap-codec/-/sourcemap-codec-1.4.15.tgz. Extracting by manifest.
340 silly tarball no local data for csstype@https://registry.npmjs.org/csstype/-/csstype-3.1.2.tgz. Extracting by manifest.
341 silly tarball no local data for @vue/runtime-core@https://registry.npmjs.org/@vue/runtime-core/-/runtime-core-3.3.4.tgz. Extracting by manifest.
342 silly tarball no local data for magic-string@https://registry.npmjs.org/magic-string/-/magic-string-0.30.3.tgz. Extracting by manifest.
343 silly tarball no local data for @vue/compiler-ssr@https://registry.npmjs.org/@vue/compiler-ssr/-/compiler-ssr-3.3.4.tgz. Extracting by manifest.
344 silly tarball no local data for @vue/reactivity-transform@https://registry.npmjs.org/@vue/reactivity-transform/-/reactivity-transform-3.3.4.tgz. Extracting by manifest.
345 silly tarball no local data for estree-walker@https://registry.npmjs.org/estree-walker/-/estree-walker-2.0.2.tgz. Extracting by manifest.
346 silly tarball no local data for @babel/parser@https://registry.npmjs.org/@babel/parser/-/parser-7.22.16.tgz. Extracting by manifest.
347 silly tarball no local data for @vue/shared@https://registry.npmjs.org/@vue/shared/-/shared-3.3.4.tgz. Extracting by manifest.
348 silly tarball no local data for @vue/runtime-dom@https://registry.npmjs.org/@vue/runtime-dom/-/runtime-dom-3.3.4.tgz. Extracting by manifest.
349 silly tarball no local data for @vue/compiler-sfc@https://registry.npmjs.org/@vue/compiler-sfc/-/compiler-sfc-3.3.4.tgz. Extracting by manifest.
350 silly tarball no local data for @vue/compiler-core@https://registry.npmjs.org/@vue/compiler-core/-/compiler-core-3.3.4.tgz. Extracting by manifest.
351 silly tarball no local data for @vue/compiler-dom@https://registry.npmjs.org/@vue/compiler-dom/-/compiler-dom-3.3.4.tgz. Extracting by manifest.
352 silly tarball no local data for source-map-js@https://registry.npmjs.org/source-map-js/-/source-map-js-1.0.2.tgz. Extracting by manifest.
353 silly tarball no local data for picocolors@https://registry.npmjs.org/picocolors/-/picocolors-1.0.0.tgz. Extracting by manifest.
354 silly tarball no local data for @esbuild/darwin-arm64@https://registry.npmjs.org/@esbuild/darwin-arm64/-/darwin-arm64-0.18.20.tgz. Extracting by manifest.
355 silly tarball no local data for nanoid@https://registry.npmjs.org/nanoid/-/nanoid-3.3.6.tgz. Extracting by manifest.
356 silly tarball no local data for rollup@https://registry.npmjs.org/rollup/-/rollup-3.29.1.tgz. Extracting by manifest.
357 silly tarball no local data for postcss@https://registry.npmjs.org/postcss/-/postcss-8.4.29.tgz. Extracting by manifest.
358 silly tarball no local data for fsevents@https://registry.npmjs.org/fsevents/-/fsevents-2.3.3.tgz. Extracting by manifest.
359 silly tarball no local data for esbuild@https://registry.npmjs.org/esbuild/-/esbuild-0.18.20.tgz. Extracting by manifest.
360 silly tarball no local data for @vue/devtools-api@https://registry.npmjs.org/@vue/devtools-api/-/devtools-api-6.5.0.tgz. Extracting by manifest.
361 silly tarball no local data for vue-router@https://registry.npmjs.org/vue-router/-/vue-router-4.2.4.tgz. Extracting by manifest.
362 silly tarball no local data for pinia@https://registry.npmjs.org/pinia/-/pinia-2.1.6.tgz. Extracting by manifest.
363 silly tarball no local data for vue@https://registry.npmjs.org/vue/-/vue-3.3.4.tgz. Extracting by manifest.
364 silly tarball no local data for vite@https://registry.npmjs.org/vite/-/vite-4.4.9.tgz. Extracting by manifest.
365 silly tarball no local data for @vue/server-renderer@https://registry.npmjs.org/@vue/server-renderer/-/server-renderer-3.3.4.tgz. Extracting by manifest.
366 silly tarball no local data for vue-demi@https://registry.npmjs.org/vue-demi/-/vue-demi-0.14.6.tgz. Extracting by manifest.
367 silly tarball no local data for @vitejs/plugin-vue@https://registry.npmjs.org/@vitejs/plugin-vue/-/plugin-vue-4.3.4.tgz. Extracting by manifest.
368 http fetch GET 200 https://registry.npmjs.org/estree-walker/-/estree-walker-2.0.2.tgz 302ms (cache miss)
369 timing reifyNode:node_modules/estree-walker Completed in 325ms
370 http fetch POST 200 https://registry.npmjs.org/-/npm/v1/security/advisories/bulk 554ms
371 timing auditReport:getReport Completed in 557ms
372 silly audit report {}
373 timing auditReport:init Completed in 0ms
374 timing reify:audit Completed in 558ms
375 http fetch GET 200 https://registry.npmjs.org/magic-string/-/magic-string-0.30.3.tgz 541ms (cache miss)
376 timing reifyNode:node_modules/magic-string Completed in 561ms
377 http fetch GET 200 https://registry.npmjs.org/csstype/-/csstype-3.1.2.tgz 544ms (cache miss)
378 timing reifyNode:node_modules/csstype Completed in 563ms
379 http fetch GET 200 https://registry.npmjs.org/@vue/compiler-ssr/-/compiler-ssr-3.3.4.tgz 587ms (cache miss)
380 timing reifyNode:node_modules/@vue/compiler-ssr Completed in 606ms
381 http fetch GET 200 https://registry.npmjs.org/nanoid/-/nanoid-3.3.6.tgz 846ms (cache miss)
382 timing reifyNode:node_modules/nanoid Completed in 871ms
383 http fetch GET 200 https://registry.npmjs.org/picocolors/-/picocolors-1.0.0.tgz 854ms (cache miss)
384 timing reifyNode:node_modules/picocolors Completed in 876ms
385 http fetch GET 200 https://registry.npmjs.org/fsevents/-/fsevents-2.3.3.tgz 1035ms (cache miss)
386 timing reifyNode:node_modules/fsevents Completed in 1058ms
387 http fetch GET 200 https://registry.npmjs.org/postcss/-/postcss-8.4.29.tgz 1054ms (cache miss)
388 timing reifyNode:node_modules/postcss Completed in 1076ms
389 http fetch GET 200 https://registry.npmjs.org/@vue/reactivity/-/reactivity-3.3.4.tgz 1133ms (cache miss)
390 timing reifyNode:node_modules/@vue/reactivity Completed in 1152ms
391 http fetch GET 200 https://registry.npmjs.org/@vue/runtime-core/-/runtime-core-3.3.4.tgz 1153ms (cache miss)
392 timing reifyNode:node_modules/@vue/runtime-core Completed in 1172ms
393 http fetch GET 200 https://registry.npmjs.org/esbuild/-/esbuild-0.18.20.tgz 1154ms (cache miss)
394 timing reifyNode:node_modules/esbuild Completed in 1177ms
395 http fetch GET 200 https://registry.npmjs.org/@vue/shared/-/shared-3.3.4.tgz 1158ms (cache miss)
396 timing reifyNode:node_modules/@vue/shared Completed in 1178ms
397 http fetch GET 200 https://registry.npmjs.org/rollup/-/rollup-3.29.1.tgz 1160ms (cache miss)
398 timing reifyNode:node_modules/rollup Completed in 1182ms
399 http fetch GET 200 https://registry.npmjs.org/@vue/reactivity-transform/-/reactivity-transform-3.3.4.tgz 1204ms (cache miss)
400 timing reifyNode:node_modules/@vue/reactivity-transform Completed in 1224ms
401 http fetch GET 200 https://registry.npmjs.org/source-map-js/-/source-map-js-1.0.2.tgz 1223ms (cache miss)
402 timing reifyNode:node_modules/source-map-js Completed in 1245ms
403 http fetch GET 200 https://registry.npmjs.org/vue-router/-/vue-router-4.2.4.tgz 1293ms (cache miss)
404 timing reifyNode:node_modules/vue-router Completed in 1317ms
405 http fetch GET 200 https://registry.npmjs.org/@jridgewell/sourcemap-codec/-/sourcemap-codec-1.4.15.tgz 1540ms (cache miss)
406 timing reifyNode:node_modules/@jridgewell/sourcemap-codec Completed in 1558ms
407 http fetch GET 200 https://registry.npmjs.org/vue/-/vue-3.3.4.tgz 1971ms (cache miss)
408 timing reifyNode:node_modules/vue Completed in 1995ms
409 http fetch GET 200 https://registry.npmjs.org/vue-demi/-/vue-demi-0.14.6.tgz 3036ms (cache miss)
410 timing reifyNode:node_modules/pinia/node_modules/vue-demi Completed in 3061ms
411 http fetch GET 200 https://registry.npmjs.org/vite/-/vite-4.4.9.tgz 3078ms (cache miss)
412 timing reifyNode:node_modules/vite Completed in 3103ms
413 http fetch GET 200 https://registry.npmjs.org/@vue/devtools-api/-/devtools-api-6.5.0.tgz 3132ms (cache miss)
414 timing reifyNode:node_modules/@vue/devtools-api Completed in 3160ms
415 http fetch GET 200 https://registry.npmjs.org/@vue/server-renderer/-/server-renderer-3.3.4.tgz 3304ms (cache miss)
416 timing reifyNode:node_modules/@vue/server-renderer Completed in 3331ms
417 http fetch GET 200 https://registry.npmjs.org/pinia/-/pinia-2.1.6.tgz 3311ms (cache miss)
418 timing reifyNode:node_modules/pinia Completed in 3335ms
419 http fetch GET 200 https://registry.npmjs.org/@vue/compiler-dom/-/compiler-dom-3.3.4.tgz 3372ms (cache miss)
420 timing reifyNode:node_modules/@vue/compiler-dom Completed in 3395ms
421 http fetch GET 200 https://registry.npmjs.org/@vue/runtime-dom/-/runtime-dom-3.3.4.tgz 3468ms (cache miss)
422 timing reifyNode:node_modules/@vue/runtime-dom Completed in 3490ms
423 http fetch GET 200 https://registry.npmjs.org/@vitejs/plugin-vue/-/plugin-vue-4.3.4.tgz 3697ms (cache miss)
424 timing reifyNode:node_modules/@vitejs/plugin-vue Completed in 3723ms
425 http fetch GET 200 https://registry.npmjs.org/@babel/parser/-/parser-7.22.16.tgz 3893ms (cache miss)
426 timing reifyNode:node_modules/@babel/parser Completed in 3914ms
427 http fetch GET 200 https://registry.npmjs.org/@vue/compiler-sfc/-/compiler-sfc-3.3.4.tgz 4037ms (cache miss)
428 timing reifyNode:node_modules/@vue/compiler-sfc Completed in 4058ms
429 http fetch GET 200 https://registry.npmjs.org/@vue/compiler-core/-/compiler-core-3.3.4.tgz 4550ms (cache miss)
430 timing reifyNode:node_modules/@vue/compiler-core Completed in 4571ms
431 http fetch GET 200 https://registry.npmjs.org/@esbuild/darwin-arm64/-/darwin-arm64-0.18.20.tgz 4548ms (cache miss)
432 timing reifyNode:node_modules/@esbuild/darwin-arm64 Completed in 4570ms
433 timing reify:unpack Completed in 4573ms
434 timing reify:unretire Completed in 0ms
435 timing build:queue Completed in 4ms
436 timing build:link:node_modules/@babel/parser Completed in 4ms
437 timing build:link:node_modules/esbuild Completed in 4ms
438 timing build:link:node_modules/nanoid Completed in 4ms
439 timing build:link:node_modules/rollup Completed in 4ms
440 timing build:link:node_modules/vite Completed in 4ms
441 timing build:link:node_modules/pinia/node_modules/vue-demi Completed in 4ms
442 timing build:link Completed in 5ms
443 info run esbuild@0.18.20 postinstall node_modules/esbuild node install.js
444 info run vue-demi@0.14.6 postinstall node_modules/pinia/node_modules/vue-demi node ./scripts/postinstall.js
445 info run vue-demi@0.14.6 postinstall { code: 0, signal: null }
446 timing build:run:postinstall:node_modules/pinia/node_modules/vue-demi Completed in 82ms
447 info run esbuild@0.18.20 postinstall { code: 0, signal: null }
448 timing build:run:postinstall:node_modules/esbuild Completed in 468ms
449 timing build:run:postinstall Completed in 468ms
450 timing build:deps Completed in 477ms
451 timing build Completed in 477ms
452 timing reify:build Completed in 477ms
453 timing reify:trash Completed in 2ms
454 timing reify:save Completed in 14ms
455 timing reify Completed in 18228ms
456 silly ADD node_modules/@jridgewell/sourcemap-codec
457 silly ADD node_modules/@vue/reactivity
458 silly ADD node_modules/csstype
459 silly ADD node_modules/@vue/runtime-core
460 silly ADD node_modules/magic-string
461 silly ADD node_modules/@vue/reactivity-transform
462 silly ADD node_modules/@vue/compiler-ssr
463 silly ADD node_modules/estree-walker
464 silly ADD node_modules/@babel/parser
465 silly ADD node_modules/@vue/compiler-core
466 silly ADD node_modules/@vue/shared
467 silly ADD node_modules/@vue/server-renderer
468 silly ADD node_modules/@vue/runtime-dom
469 silly ADD node_modules/@vue/compiler-sfc
470 silly ADD node_modules/@vue/compiler-dom
471 silly ADD node_modules/source-map-js
472 silly ADD node_modules/picocolors
473 silly ADD node_modules/nanoid
474 silly ADD
475 silly ADD
476 silly ADD
477 silly ADD
478 silly ADD
479 silly ADD
480 silly ADD
481 silly ADD
482 silly ADD
483 silly ADD
484 silly ADD
485 silly ADD
486 silly ADD
487 silly ADD
488 silly ADD
489 silly ADD
490 silly ADD
491 silly ADD
492 silly ADD node_modules/@esbuild/darwin-arm64
493 silly ADD
494 silly ADD
495 silly ADD
496 silly ADD node_modules/rollup
497 silly ADD node_modules/postcss
498 silly ADD node_modules/fsevents
499 silly ADD node_modules/esbuild
500 silly ADD node_modules/@vue/devtools-api
501 silly ADD node_modules/vue-router
502 silly ADD node_modules/pinia
503 silly ADD node_modules/pinia/node_modules/vue-demi
504 silly ADD node_modules/vue
505 silly ADD node_modules/vite
506 silly ADD node_modules/@vitejs/plugin-vue
507 timing command:install Completed in 18234ms
508 verbose exit 0
509 timing npm Completed in 18345ms
510 info ok
